
The following have been reloaded with a version change:
  1) cpu/0.17.3b => cpu/0.15.4

2024-02-20 21:00:25,767 INFO impl.MetricsConfig: Loaded properties from hadoop-metrics2.properties
2024-02-20 21:00:25,856 INFO impl.MetricsSystemImpl: Scheduled Metric snapshot period at 10 second(s).
2024-02-20 21:00:25,856 INFO impl.MetricsSystemImpl: JobTracker metrics system started
2024-02-20 21:00:25,948 WARN mapreduce.JobResourceUploader: Hadoop command-line option parsing not performed. Implement the Tool interface and execute your application with ToolRunner to remedy this.
2024-02-20 21:00:25,990 INFO input.FileInputFormat: Total input files to process : 1
2024-02-20 21:00:26,071 INFO mapreduce.JobSubmitter: number of splits:1
2024-02-20 21:00:26,291 INFO mapreduce.JobSubmitter: Submitting tokens for job: job_local1304948698_0001
2024-02-20 21:00:26,291 INFO mapreduce.JobSubmitter: Executing with tokens: []
2024-02-20 21:00:26,390 INFO mapreduce.Job: The url to track the job: http://localhost:8080/
2024-02-20 21:00:26,391 INFO mapreduce.Job: Running job: job_local1304948698_0001
2024-02-20 21:00:26,397 INFO mapred.LocalJobRunner: OutputCommitter set in config null
2024-02-20 21:00:26,404 INFO output.FileOutputCommitter: File Output Committer Algorithm version is 2
2024-02-20 21:00:26,405 INFO output.FileOutputCommitter: FileOutputCommitter skip cleanup _temporary folders under output directory:false, ignore cleanup failures: false
2024-02-20 21:00:26,405 INFO mapred.LocalJobRunner: OutputCommitter is org.apache.hadoop.mapreduce.lib.output.FileOutputCommitter
2024-02-20 21:00:26,499 INFO mapred.LocalJobRunner: Waiting for map tasks
2024-02-20 21:00:26,502 INFO mapred.LocalJobRunner: Starting task: attempt_local1304948698_0001_m_000000_0
2024-02-20 21:00:26,531 INFO output.FileOutputCommitter: File Output Committer Algorithm version is 2
2024-02-20 21:00:26,531 INFO output.FileOutputCommitter: FileOutputCommitter skip cleanup _temporary folders under output directory:false, ignore cleanup failures: false
2024-02-20 21:00:26,561 INFO mapred.Task:  Using ResourceCalculatorProcessTree : [ ]
2024-02-20 21:00:26,565 INFO mapred.MapTask: Processing split: file:/home/snavadia/project1/tripdata-small.csv:0+11200
2024-02-20 21:00:26,594 INFO mapred.MapTask: (EQUATOR) 0 kvi 26214396(104857584)
2024-02-20 21:00:26,594 INFO mapred.MapTask: mapreduce.task.io.sort.mb: 100
2024-02-20 21:00:26,594 INFO mapred.MapTask: soft limit at 83886080
2024-02-20 21:00:26,594 INFO mapred.MapTask: bufstart = 0; bufvoid = 104857600
2024-02-20 21:00:26,595 INFO mapred.MapTask: kvstart = 26214396; length = 6553600
2024-02-20 21:00:26,600 INFO mapred.MapTask: Map output collector class = org.apache.hadoop.mapred.MapTask$MapOutputBuffer
2024-02-20 21:00:26,613 INFO mapred.LocalJobRunner: 
2024-02-20 21:00:26,613 INFO mapred.MapTask: Starting flush of map output
2024-02-20 21:00:26,613 INFO mapred.MapTask: Spilling map output
2024-02-20 21:00:26,613 INFO mapred.MapTask: bufstart = 0; bufend = 568; bufvoid = 104857600
2024-02-20 21:00:26,613 INFO mapred.MapTask: kvstart = 26214396(104857584); kvend = 26214116(104856464); length = 281/6553600
2024-02-20 21:00:26,626 INFO mapred.MapTask: Finished spill 0
2024-02-20 21:00:26,635 INFO mapred.Task: Task:attempt_local1304948698_0001_m_000000_0 is done. And is in the process of committing
2024-02-20 21:00:26,638 INFO mapred.LocalJobRunner: map
2024-02-20 21:00:26,638 INFO mapred.Task: Task 'attempt_local1304948698_0001_m_000000_0' done.
2024-02-20 21:00:26,643 INFO mapred.Task: Final Counters for attempt_local1304948698_0001_m_000000_0: Counters: 18
	File System Counters
		FILE: Number of bytes read=14649
		FILE: Number of bytes written=548595
		FILE: Number of read operations=0
		FILE: Number of large read operations=0
		FILE: Number of write operations=0
	Map-Reduce Framework
		Map input records=72
		Map output records=71
		Map output bytes=568
		Map output materialized bytes=136
		Input split bytes=112
		Combine input records=71
		Combine output records=13
		Spilled Records=13
		Failed Shuffles=0
		Merged Map outputs=0
		GC time elapsed (ms)=0
		Total committed heap usage (bytes)=2147483648
	File Input Format Counters 
		Bytes Read=11200
2024-02-20 21:00:26,644 INFO mapred.LocalJobRunner: Finishing task: attempt_local1304948698_0001_m_000000_0
2024-02-20 21:00:26,645 INFO mapred.LocalJobRunner: map task executor complete.
2024-02-20 21:00:26,649 INFO mapred.LocalJobRunner: Waiting for reduce tasks
2024-02-20 21:00:26,651 INFO mapred.LocalJobRunner: Starting task: attempt_local1304948698_0001_r_000000_0
2024-02-20 21:00:26,659 INFO output.FileOutputCommitter: File Output Committer Algorithm version is 2
2024-02-20 21:00:26,659 INFO output.FileOutputCommitter: FileOutputCommitter skip cleanup _temporary folders under output directory:false, ignore cleanup failures: false
2024-02-20 21:00:26,659 INFO mapred.Task:  Using ResourceCalculatorProcessTree : [ ]
2024-02-20 21:00:26,663 INFO mapred.ReduceTask: Using ShuffleConsumerPlugin: org.apache.hadoop.mapreduce.task.reduce.Shuffle@695d619d
2024-02-20 21:00:26,664 WARN impl.MetricsSystemImpl: JobTracker metrics system already initialized!
2024-02-20 21:00:26,680 INFO reduce.MergeManagerImpl: The max number of bytes for a single in-memory shuffle cannot be larger than Integer.MAX_VALUE. Setting it to Integer.MAX_VALUE
2024-02-20 21:00:26,680 INFO reduce.MergeManagerImpl: MergerManager: memoryLimit=22525089792, maxSingleShuffleLimit=2147483647, mergeThreshold=14866560000, ioSortFactor=10, memToMemMergeOutputsThreshold=10
2024-02-20 21:00:26,692 INFO reduce.EventFetcher: attempt_local1304948698_0001_r_000000_0 Thread started: EventFetcher for fetching Map Completion Events
2024-02-20 21:00:26,712 INFO reduce.LocalFetcher: localfetcher#1 about to shuffle output of map attempt_local1304948698_0001_m_000000_0 decomp: 132 len: 136 to MEMORY
2024-02-20 21:00:26,715 INFO reduce.InMemoryMapOutput: Read 132 bytes from map-output for attempt_local1304948698_0001_m_000000_0
2024-02-20 21:00:26,718 INFO reduce.MergeManagerImpl: closeInMemoryFile -> map-output of size: 132, inMemoryMapOutputs.size() -> 1, commitMemory -> 0, usedMemory ->132
2024-02-20 21:00:26,720 INFO reduce.EventFetcher: EventFetcher is interrupted.. Returning
2024-02-20 21:00:26,721 INFO mapred.LocalJobRunner: 1 / 1 copied.
2024-02-20 21:00:26,721 INFO reduce.MergeManagerImpl: finalMerge called with 1 in-memory map-outputs and 0 on-disk map-outputs
2024-02-20 21:00:26,727 INFO mapred.Merger: Merging 1 sorted segments
2024-02-20 21:00:26,728 INFO mapred.Merger: Down to the last merge-pass, with 1 segments left of total size: 126 bytes
2024-02-20 21:00:26,728 INFO reduce.MergeManagerImpl: Merged 1 segments, 132 bytes to disk to satisfy reduce memory limit
2024-02-20 21:00:26,729 INFO reduce.MergeManagerImpl: Merging 1 files, 136 bytes from disk
2024-02-20 21:00:26,729 INFO reduce.MergeManagerImpl: Merging 0 segments, 0 bytes from memory into reduce
2024-02-20 21:00:26,729 INFO mapred.Merger: Merging 1 sorted segments
2024-02-20 21:00:26,730 INFO mapred.Merger: Down to the last merge-pass, with 1 segments left of total size: 126 bytes
2024-02-20 21:00:26,731 INFO mapred.LocalJobRunner: 1 / 1 copied.
2024-02-20 21:00:26,778 INFO Configuration.deprecation: mapred.skip.on is deprecated. Instead, use mapreduce.job.skiprecords
2024-02-20 21:00:26,801 INFO mapred.Task: Task:attempt_local1304948698_0001_r_000000_0 is done. And is in the process of committing
2024-02-20 21:00:26,803 INFO mapred.LocalJobRunner: 1 / 1 copied.
2024-02-20 21:00:26,803 INFO mapred.Task: Task attempt_local1304948698_0001_r_000000_0 is allowed to commit now
2024-02-20 21:00:26,812 INFO output.FileOutputCommitter: Saved output of task 'attempt_local1304948698_0001_r_000000_0' to file:/home/snavadia/project1/output
2024-02-20 21:00:26,813 INFO mapred.LocalJobRunner: reduce > reduce
2024-02-20 21:00:26,814 INFO mapred.Task: Task 'attempt_local1304948698_0001_r_000000_0' done.
2024-02-20 21:00:26,815 INFO mapred.Task: Final Counters for attempt_local1304948698_0001_r_000000_0: Counters: 24
	File System Counters
		FILE: Number of bytes read=14953
		FILE: Number of bytes written=548872
		FILE: Number of read operations=0
		FILE: Number of large read operations=0
		FILE: Number of write operations=0
	Map-Reduce Framework
		Combine input records=0
		Combine output records=0
		Reduce input groups=13
		Reduce shuffle bytes=136
		Reduce input records=13
		Reduce output records=13
		Spilled Records=13
		Shuffled Maps =1
		Failed Shuffles=0
		Merged Map outputs=1
		GC time elapsed (ms)=0
		Total committed heap usage (bytes)=2147483648
	Shuffle Errors
		BAD_ID=0
		CONNECTION=0
		IO_ERROR=0
		WRONG_LENGTH=0
		WRONG_MAP=0
		WRONG_REDUCE=0
	File Output Format Counters 
		Bytes Written=141
2024-02-20 21:00:26,815 INFO mapred.LocalJobRunner: Finishing task: attempt_local1304948698_0001_r_000000_0
2024-02-20 21:00:26,815 INFO mapred.LocalJobRunner: reduce task executor complete.
2024-02-20 21:00:27,394 INFO mapreduce.Job: Job job_local1304948698_0001 running in uber mode : false
2024-02-20 21:00:27,395 INFO mapreduce.Job:  map 100% reduce 100%
2024-02-20 21:00:27,396 INFO mapreduce.Job: Job job_local1304948698_0001 completed successfully
2024-02-20 21:00:27,404 INFO mapreduce.Job: Counters: 30
	File System Counters
		FILE: Number of bytes read=29602
		FILE: Number of bytes written=1097467
		FILE: Number of read operations=0
		FILE: Number of large read operations=0
		FILE: Number of write operations=0
	Map-Reduce Framework
		Map input records=72
		Map output records=71
		Map output bytes=568
		Map output materialized bytes=136
		Input split bytes=112
		Combine input records=71
		Combine output records=13
		Reduce input groups=13
		Reduce shuffle bytes=136
		Reduce input records=13
		Reduce output records=13
		Spilled Records=26
		Shuffled Maps =1
		Failed Shuffles=0
		Merged Map outputs=1
		GC time elapsed (ms)=0
		Total committed heap usage (bytes)=4294967296
	Shuffle Errors
		BAD_ID=0
		CONNECTION=0
		IO_ERROR=0
		WRONG_LENGTH=0
		WRONG_MAP=0
		WRONG_REDUCE=0
	File Input Format Counters 
		Bytes Read=11200
	File Output Format Counters 
		Bytes Written=141
